{
  "stats": {
    "suites": 1,
    "tests": 3,
    "passes": 3,
    "pending": 0,
    "failures": 0,
    "start": "2024-08-30T10:30:32.762Z",
    "end": "2024-08-30T10:30:45.559Z",
    "duration": 12797,
    "testsRegistered": 3,
    "passPercent": 100,
    "pendingPercent": 0,
    "other": 0,
    "hasOther": false,
    "skipped": 0,
    "hasSkipped": false
  },
  "results": [
    {
      "uuid": "5139e283-8325-4f1c-83cd-f35732a44fe1",
      "title": "",
      "fullFile": "cypress\\e2e\\saucedemo_app_tests\\saucedemoAppTest.cy.js",
      "file": "cypress\\e2e\\saucedemo_app_tests\\saucedemoAppTest.cy.js",
      "beforeHooks": [],
      "afterHooks": [],
      "tests": [],
      "suites": [
        {
          "uuid": "0af56cc1-a4b6-4971-a257-6414260ef96f",
          "title": "Sauce demo app Test 1",
          "fullFile": "",
          "file": "",
          "beforeHooks": [],
          "afterHooks": [],
          "tests": [
            {
              "title": "Login with valid credentials test",
              "fullTitle": "Sauce demo app Test 1 Login with valid credentials test",
              "timedOut": null,
              "duration": 4120,
              "state": "passed",
              "speed": "fast",
              "pass": true,
              "fail": false,
              "pending": false,
              "context": null,
              "code": "cy.visit('https://www.saucedemo.com/', {\n  headers: {\n    \"Accept-Encoding\": \"gzip, deflate\"\n  }\n});\nloginPageObj.enterUsername('standard_user');\nloginPageObj.enterPassword('secret_sauce');\nloginPageObj.clickOnLoginButton();\nproductPageObj.getProductPageHeading().should('equal', 'Products');",
              "err": {},
              "uuid": "def6559d-30ce-472f-9d1f-a2a10a48d090",
              "parentUUID": "0af56cc1-a4b6-4971-a257-6414260ef96f",
              "isHook": false,
              "skipped": false
            },
            {
              "title": "Add two products to cart test",
              "fullTitle": "Sauce demo app Test 1 Add two products to cart test",
              "timedOut": null,
              "duration": 2837,
              "state": "passed",
              "speed": "fast",
              "pass": true,
              "fail": false,
              "pending": false,
              "context": null,
              "code": "cy.visit('https://www.saucedemo.com/', {\n  headers: {\n    \"Accept-Encoding\": \"gzip, deflate\"\n  }\n});\nloginPageObj.enterUsername('standard_user');\nloginPageObj.enterPassword('secret_sauce');\nloginPageObj.clickOnLoginButton();\nproductPageObj.getProductPageHeading().should('equal', 'Products');\nproductPageObj.addToCartProduct1();\nproductPageObj.getCartValue().should('equal', '1');\nproductPageObj.addToCartProduct2();\nproductPageObj.getCartValue().should('equal', '2');",
              "err": {},
              "uuid": "9bd60344-d3ec-44a5-87f3-14b17bc70351",
              "parentUUID": "0af56cc1-a4b6-4971-a257-6414260ef96f",
              "isHook": false,
              "skipped": false
            },
            {
              "title": "Check cart value when products added to cart test",
              "fullTitle": "Sauce demo app Test 1 Check cart value when products added to cart test",
              "timedOut": null,
              "duration": 1776,
              "state": "passed",
              "speed": "fast",
              "pass": true,
              "fail": false,
              "pending": false,
              "context": null,
              "code": "cy.visit('https://www.saucedemo.com/', {\n  headers: {\n    \"Accept-Encoding\": \"gzip, deflate\"\n  }\n});\nloginPageObj.enterUsername('standard_user');\nloginPageObj.enterPassword('secret_sauce');\nloginPageObj.clickOnLoginButton();\nproductPageObj.getProductPageHeading().should('equal', 'Products');\nproductPageObj.addToCartProduct1();\nproductPageObj.addToCartProduct2();\nproductPageObj.addToCartProduct3();\nproductPageObj.addToCartProduct4();\nproductPageObj.getCartValue().should('equal', '4');",
              "err": {},
              "uuid": "3aeeb788-5022-44e8-91d3-b37ce4172cc1",
              "parentUUID": "0af56cc1-a4b6-4971-a257-6414260ef96f",
              "isHook": false,
              "skipped": false
            }
          ],
          "suites": [],
          "passes": [
            "def6559d-30ce-472f-9d1f-a2a10a48d090",
            "9bd60344-d3ec-44a5-87f3-14b17bc70351",
            "3aeeb788-5022-44e8-91d3-b37ce4172cc1"
          ],
          "failures": [],
          "pending": [],
          "skipped": [],
          "duration": 8733,
          "root": false,
          "rootEmpty": false,
          "_timeout": 2000
        }
      ],
      "passes": [],
      "failures": [],
      "pending": [],
      "skipped": [],
      "duration": 0,
      "root": true,
      "rootEmpty": true,
      "_timeout": 2000
    }
  ],
  "meta": {
    "mocha": {
      "version": "7.0.1"
    },
    "mochawesome": {
      "options": {
        "quiet": false,
        "reportFilename": "mochawesome",
        "saveHtml": false,
        "saveJson": true,
        "consoleReporter": "spec",
        "useInlineDiffs": false,
        "code": true
      },
      "version": "7.1.3"
    },
    "marge": {
      "options": {
        "charts": true,
        "embeddedScreenshots": true,
        "videoOnFailOnly": true,
        "overwrite": false,
        "html": false,
        "json": true,
        "reportDir": "cypress\\reports\\html\\.jsons"
      },
      "version": "6.2.0"
    }
  }
}